[09/09 18:58:40] [info] Initializing worker and caches
[09/09 18:58:40] [info] Enabled NPC manager with ProtocolLib
[09/09 18:58:40] [info] Registering integrations
[09/09 18:58:40] [info] Initializing tasks and listeners
[09/09 19:01:48] [info] Disabled integration for MythicMobs
[09/09 19:03:23] [info] Initializing worker and caches
[09/09 19:03:23] [info] Enabled NPC manager with ProtocolLib
[09/09 19:03:23] [info] Registering integrations
[09/09 19:03:23] [info] Initializing tasks and listeners
[09/09 19:29:57] [info] Disabled integration for MythicMobs
[09/09 19:29:57] [info] Disabled integration for Citizens
[09/09 19:29:58] [info] Initializing worker and caches
[09/09 19:29:58] [info] Enabled NPC manager with ProtocolLib
[09/09 19:29:58] [info] Registering integrations
[09/09 19:29:58] [info] Initializing tasks and listeners
[09/09 20:00:05] [info] Disabled integration for MythicMobs
[09/09 20:00:05] [info] Disabled integration for Citizens
[09/09 20:02:13] [info] Initializing worker and caches
[09/09 20:02:13] [info] Enabled NPC manager with ProtocolLib
[09/09 20:02:13] [info] Registering integrations
[09/09 20:02:13] [info] Initializing tasks and listeners
[09/09 20:08:19] [info] Disabled integration for PlaceholderAPI
[09/09 20:08:19] [info] Disabled integration for MythicMobs
[09/09 20:08:19] [info] Disabled integration for Citizens
[09/09 20:11:47] [info] Initializing worker and caches
[09/09 20:11:47] [info] Enabled NPC manager with ProtocolLib
[09/09 20:11:47] [info] Registering integrations
[09/09 20:11:47] [info] Initializing tasks and listeners
[09/09 20:26:29] [info] Disabled integration for PlaceholderAPI
[09/09 20:26:29] [info] Disabled integration for MythicMobs
[09/09 20:26:29] [info] Disabled integration for Citizens
[09/09 20:28:20] [info] Initializing worker and caches
[09/09 20:28:20] [info] Enabled NPC manager with ProtocolLib
[09/09 20:28:20] [info] Registering integrations
[09/09 20:28:20] [info] Initializing tasks and listeners
[09/09 20:53:17] [info] Disabled integration for PlaceholderAPI
[09/09 20:53:17] [info] Disabled integration for MythicMobs
[09/09 20:53:17] [info] Disabled integration for Citizens
[09/09 20:55:29] [info] Initializing worker and caches
[09/09 20:55:30] [info] Enabled NPC manager with ProtocolLib
[09/09 20:55:30] [info] Registering integrations
[09/09 20:55:30] [info] Initializing tasks and listeners
[09/09 21:31:41] [info] Disabled integration for PlaceholderAPI
[09/09 21:31:41] [info] Disabled integration for MythicMobs
[09/09 21:31:41] [info] Disabled integration for Citizens
