[09/09 18:58:51] [info] Initializing worker and caches
[09/09 18:58:52] [info] Registering statistics
[09/09 18:58:52] [info] Initializing tasks and listeners
[09/09 19:01:48] [info] Disabled integration for dynmap
[09/09 19:01:48] [info] Disabled integration for MMOItems
[09/09 19:01:48] [info] Disabled integration for ProtocolLib
[09/09 19:01:48] [info] Disabled integration for MythicMobs
[09/09 19:01:48] [info] Disabled integration for MMOCore
[09/09 19:03:37] [info] Initializing worker and caches
[09/09 19:03:37] [info] Registering statistics
[09/09 19:03:37] [info] Initializing tasks and listeners
[09/09 19:29:58] [info] Disabled integration for dynmap
[09/09 19:29:58] [info] Disabled integration for MMOItems
[09/09 19:29:58] [info] Disabled integration for ProtocolLib
[09/09 19:29:58] [info] Disabled integration for MythicMobs
[09/09 19:29:58] [info] Disabled integration for MMOCore
[09/09 19:29:58] [info] Disabled integration for Citizens
[09/09 19:29:58] [info] Initializing worker and caches
[09/09 19:29:58] [info] Registering statistics
[09/09 19:29:58] [info] Initializing tasks and listeners
[09/09 20:00:05] [info] Disabled integration for dynmap
[09/09 20:00:05] [info] Disabled integration for MMOItems
[09/09 20:00:05] [info] Disabled integration for ProtocolLib
[09/09 20:00:05] [info] Disabled integration for MythicMobs
[09/09 20:00:05] [info] Disabled integration for MMOCore
[09/09 20:00:05] [info] Disabled integration for Citizens
[09/09 20:03:23] [info] Initializing worker and caches
[09/09 20:03:23] [info] Registering statistics
[09/09 20:03:23] [info] Initializing tasks and listeners
[09/09 20:08:19] [info] Disabled integration for dynmap
[09/09 20:08:19] [info] Disabled integration for PlaceholderAPI
[09/09 20:08:19] [info] Disabled integration for MMOItems
[09/09 20:08:19] [info] Disabled integration for ProtocolLib
[09/09 20:08:19] [info] Disabled integration for MythicMobs
[09/09 20:08:19] [info] Disabled integration for MMOCore
[09/09 20:08:19] [info] Disabled integration for Citizens
[09/09 20:11:58] [info] Initializing worker and caches
[09/09 20:11:58] [info] Registering statistics
[09/09 20:11:58] [info] Initializing tasks and listeners
[09/09 20:26:29] [info] Disabled integration for dynmap
[09/09 20:26:29] [info] Disabled integration for PlaceholderAPI
[09/09 20:26:29] [info] Disabled integration for MMOItems
[09/09 20:26:29] [info] Disabled integration for ProtocolLib
[09/09 20:26:29] [info] Disabled integration for MythicMobs
[09/09 20:26:29] [info] Disabled integration for MMOCore
[09/09 20:26:29] [info] Disabled integration for Citizens
[09/09 20:28:37] [info] Initializing worker and caches
[09/09 20:28:38] [info] Registering statistics
[09/09 20:28:38] [info] Initializing tasks and listeners
[09/09 20:53:17] [info] Disabled integration for dynmap
[09/09 20:53:17] [info] Disabled integration for PlaceholderAPI
[09/09 20:53:17] [info] Disabled integration for MMOItems
[09/09 20:53:17] [info] Disabled integration for ProtocolLib
[09/09 20:53:17] [info] Disabled integration for MythicMobs
[09/09 20:53:17] [info] Disabled integration for MMOCore
[09/09 20:53:17] [info] Disabled integration for Citizens
[09/09 20:55:41] [info] Initializing worker and caches
[09/09 20:55:41] [info] Registering statistics
[09/09 20:55:41] [info] Initializing tasks and listeners
[09/09 21:31:41] [info] Disabled integration for dynmap
[09/09 21:31:41] [info] Disabled integration for PlaceholderAPI
[09/09 21:31:41] [info] Disabled integration for MMOItems
[09/09 21:31:41] [info] Disabled integration for ProtocolLib
[09/09 21:31:41] [info] Disabled integration for MythicMobs
[09/09 21:31:41] [info] Disabled integration for MMOCore
[09/09 21:31:41] [info] Disabled integration for Citizens
