[12/09 12:24:23] [info] EvansGxz | quest EvansGxz/example_npc_fetch | pushing quest example_npc_fetch = 2d1e3fa0-07d4-4483-af8b-c8a4e124a24e
[12/09 12:24:23] [info] EvansGxz | quest EvansGxz/example_npc_fetch | started quest : cause ACTIVATOR_PHYSICAL
[12/09 12:24:23] [info] EvansGxz | quest EvansGxz/example_npc_fetch/main | started branch
[12/09 12:24:58] [info] EvansGxz | quest EvansGxz/example_npc_fetch | pushing quest example_npc_fetch = 2d1e3fa0-07d4-4483-af8b-c8a4e124a24e
[12/09 12:25:01] [info] EvansGxz | quest EvansGxz/example_npc_fetch | pushing quest example_npc_fetch = 2d1e3fa0-07d4-4483-af8b-c8a4e124a24e
[12/09 12:25:03] [info] EvansGxz | quest EvansGxz/example_npc_fetch | pushing quest example_npc_fetch = 2d1e3fa0-07d4-4483-af8b-c8a4e124a24e
[12/09 12:25:57] [info] EvansGxz | quest EvansGxz/example_npc_fetch | pushing quest example_npc_fetch = 2d1e3fa0-07d4-4483-af8b-c8a4e124a24e
[12/09 12:25:58] [info] EvansGxz | quest EvansGxz/example_npc_fetch | pushing quest example_npc_fetch = 2d1e3fa0-07d4-4483-af8b-c8a4e124a24e
[12/09 12:26:00] [info] EvansGxz | quest EvansGxz/example_npc_fetch | pushing quest example_npc_fetch = 2d1e3fa0-07d4-4483-af8b-c8a4e124a24e
[12/09 12:26:12] [info] EvansGxz | quest EvansGxz/example_npc_fetch | pushing quest example_npc_fetch = 2d1e3fa0-07d4-4483-af8b-c8a4e124a24e
[12/09 12:26:13] [info] EvansGxz | quest EvansGxz/example_npc_fetch | pushing quest example_npc_fetch = 2d1e3fa0-07d4-4483-af8b-c8a4e124a24e
[12/09 12:26:27] [info] EvansGxz | quest EvansGxz/example_npc_fetch | pushing quest example_npc_fetch = 2d1e3fa0-07d4-4483-af8b-c8a4e124a24e
[12/09 12:26:28] [info] EvansGxz | quest EvansGxz/example_npc_fetch | pushing quest example_npc_fetch = 2d1e3fa0-07d4-4483-af8b-c8a4e124a24e
[12/09 12:26:30] [info] EvansGxz | quest EvansGxz/example_npc_fetch | pushing quest example_npc_fetch = 2d1e3fa0-07d4-4483-af8b-c8a4e124a24e
[12/09 12:26:31] [info] EvansGxz | quest EvansGxz/example_npc_fetch | pushing quest example_npc_fetch = 2d1e3fa0-07d4-4483-af8b-c8a4e124a24e
[12/09 12:26:32] [info] EvansGxz | quest EvansGxz/example_npc_fetch | pushing quest example_npc_fetch = 2d1e3fa0-07d4-4483-af8b-c8a4e124a24e
[12/09 12:26:33] [info] EvansGxz | quest EvansGxz/example_npc_fetch | pushing quest example_npc_fetch = 2d1e3fa0-07d4-4483-af8b-c8a4e124a24e
[12/09 12:26:36] [info] EvansGxz | quest EvansGxz/example_npc_fetch | pushing quest example_npc_fetch = 2d1e3fa0-07d4-4483-af8b-c8a4e124a24e
[12/09 12:26:38] [info] EvansGxz | quest EvansGxz/example_npc_fetch | pushing quest example_npc_fetch = 2d1e3fa0-07d4-4483-af8b-c8a4e124a24e
[12/09 12:26:40] [info] EvansGxz | quest EvansGxz/example_npc_fetch | pushing quest example_npc_fetch = 2d1e3fa0-07d4-4483-af8b-c8a4e124a24e
[12/09 12:26:41] [info] EvansGxz | quest EvansGxz/example_npc_fetch | pushing quest example_npc_fetch = 2d1e3fa0-07d4-4483-af8b-c8a4e124a24e
[12/09 12:26:42] [info] EvansGxz | quest EvansGxz/example_npc_fetch | pushing quest example_npc_fetch = 2d1e3fa0-07d4-4483-af8b-c8a4e124a24e
[12/09 12:26:44] [info] EvansGxz | quest EvansGxz/example_npc_fetch | pushing quest example_npc_fetch = 2d1e3fa0-07d4-4483-af8b-c8a4e124a24e
[12/09 12:27:51] [info] EvansGxz | quest EvansGxz/example_npc_fetch | pushing quest example_npc_fetch = 2d1e3fa0-07d4-4483-af8b-c8a4e124a24e
[12/09 12:27:52] [info] EvansGxz | quest EvansGxz/example_npc_fetch | pushing quest example_npc_fetch = 2d1e3fa0-07d4-4483-af8b-c8a4e124a24e
[12/09 12:27:53] [info] EvansGxz | quest EvansGxz/example_npc_fetch | pushing quest example_npc_fetch = 2d1e3fa0-07d4-4483-af8b-c8a4e124a24e
[12/09 12:27:54] [info] EvansGxz | quest EvansGxz/example_npc_fetch | pushing quest example_npc_fetch = 2d1e3fa0-07d4-4483-af8b-c8a4e124a24e
[12/09 12:27:55] [info] EvansGxz | quest EvansGxz/example_npc_fetch | pushing quest example_npc_fetch = 2d1e3fa0-07d4-4483-af8b-c8a4e124a24e
[12/09 12:27:56] [info] EvansGxz | quest EvansGxz/example_npc_fetch | pushing quest example_npc_fetch = 2d1e3fa0-07d4-4483-af8b-c8a4e124a24e
[12/09 12:27:57] [info] EvansGxz | quest EvansGxz/example_npc_fetch | pushing quest example_npc_fetch = 2d1e3fa0-07d4-4483-af8b-c8a4e124a24e
[12/09 12:27:58] [info] EvansGxz | quest EvansGxz/example_npc_fetch | pushing quest example_npc_fetch = 2d1e3fa0-07d4-4483-af8b-c8a4e124a24e
[12/09 12:27:59] [info] EvansGxz | quest EvansGxz/example_npc_fetch | pushing quest example_npc_fetch = 2d1e3fa0-07d4-4483-af8b-c8a4e124a24e
[12/09 12:28:00] [info] EvansGxz | quest EvansGxz/example_npc_fetch | pushing quest example_npc_fetch = 2d1e3fa0-07d4-4483-af8b-c8a4e124a24e
[12/09 12:28:01] [info] EvansGxz | quest EvansGxz/example_npc_fetch | pushing quest example_npc_fetch = 2d1e3fa0-07d4-4483-af8b-c8a4e124a24e
[12/09 12:28:02] [info] EvansGxz | quest EvansGxz/example_npc_fetch | pushing quest example_npc_fetch = 2d1e3fa0-07d4-4483-af8b-c8a4e124a24e
[12/09 12:28:03] [info] EvansGxz | quest EvansGxz/example_npc_fetch | goto OBJECT DELIVER | applying goto
[12/09 12:28:03] [info] EvansGxz | quest EvansGxz/example_npc_fetch | pushing quest example_npc_fetch = 2d1e3fa0-07d4-4483-af8b-c8a4e124a24e
[12/09 12:28:56] [info] EvansGxz | quest EvansGxz/example_npc_fetch | pushing quest example_npc_fetch = 2d1e3fa0-07d4-4483-af8b-c8a4e124a24e
[12/09 12:30:20] [info] EvansGxz | quest EvansGxz/example_npc_fetch | goto QUEST_SUCCESS | applying goto
[12/09 12:30:20] [info] EvansGxz | quest EvansGxz/example_npc_fetch | give rewards for group, debug : group rewards processing debug |
model : example_npc_fetch
groups : 
quest players : bca68bdd-c316-4010-908e-911b2ef7edbd
- preparing to process player bca68bdd-c316-4010-908e-911b2ef7edbd
-- processing player bca68bdd-c316-4010-908e-911b2ef7edbd, EvansGxz
--- end type : SUCCESS
--- groups here : 
[12/09 12:30:20] [info] EvansGxz | quest EvansGxz/example_npc_fetch | stopped quest : cause GOTO
