[12/09 13:33:12] [info] EvansGxz | quest EvansGxz/farm_wheat_1 | pushing quest farm_wheat_1 = 07e6a1b0-3295-4953-8cc6-bb1b8fc61d32
[12/09 13:33:12] [info] EvansGxz | quest EvansGxz/farm_wheat_1 | started quest : cause GUI
[12/09 13:33:12] [info] EvansGxz | quest EvansGxz/farm_wheat_1/main | started branch
[12/09 13:33:12] [info] EvansGxz | quest EvansGxz/farm_wheat_1 | pushing quest farm_wheat_1 = 07e6a1b0-3295-4953-8cc6-bb1b8fc61d32
[12/09 13:37:52] [info] EvansGxz | quest EvansGxz/farm_wheat_1 | paused quest
[12/09 14:47:32] [info] EvansGxz | quest EvansGxz/farm_wheat_1 | fetched quest
[12/09 14:47:32] [info] EvansGxz | quest EvansGxz/farm_wheat_1 | resumed quest
[12/09 14:47:32] [info] EvansGxz | quest EvansGxz/farm_wheat_1 | pushing quest farm_wheat_1 = 07e6a1b0-3295-4953-8cc6-bb1b8fc61d32
[12/09 15:17:05] [info] EvansGxz | quest EvansGxz/farm_wheat_1 | paused quest
[12/09 15:17:05] [info] EvansGxz | quest EvansGxz/farm_wheat_1 | pushing quest farm_wheat_1 = 07e6a1b0-3295-4953-8cc6-bb1b8fc61d32
[12/09 15:17:08] [info] EvansGxz | quest EvansGxz/farm_wheat_1 | fetched quest
[12/09 15:17:08] [info] EvansGxz | quest EvansGxz/farm_wheat_1 | resumed quest
[12/09 15:17:08] [info] EvansGxz | quest EvansGxz/farm_wheat_1 | pushing quest farm_wheat_1 = 07e6a1b0-3295-4953-8cc6-bb1b8fc61d32
[12/09 15:35:54] [info] EvansGxz | quest EvansGxz/farm_wheat_1 | paused quest
[12/09 15:35:54] [info] EvansGxz | quest EvansGxz/farm_wheat_1 | pushing quest farm_wheat_1 = 07e6a1b0-3295-4953-8cc6-bb1b8fc61d32
[12/09 15:35:57] [info] EvansGxz | quest EvansGxz/farm_wheat_1 | fetched quest
[12/09 15:35:57] [info] EvansGxz | quest EvansGxz/farm_wheat_1 | resumed quest
[12/09 15:35:57] [info] EvansGxz | quest EvansGxz/farm_wheat_1 | pushing quest farm_wheat_1 = 07e6a1b0-3295-4953-8cc6-bb1b8fc61d32
[12/09 15:36:32] [info] EvansGxz | quest EvansGxz/farm_wheat_1 | paused quest
[12/09 15:36:32] [info] EvansGxz | quest EvansGxz/farm_wheat_1 | pushing quest farm_wheat_1 = 07e6a1b0-3295-4953-8cc6-bb1b8fc61d32
[12/09 15:36:35] [info] EvansGxz | quest EvansGxz/farm_wheat_1 | fetched quest
[12/09 15:36:35] [info] EvansGxz | quest EvansGxz/farm_wheat_1 | resumed quest
[12/09 15:36:35] [info] EvansGxz | quest EvansGxz/farm_wheat_1 | pushing quest farm_wheat_1 = 07e6a1b0-3295-4953-8cc6-bb1b8fc61d32
[12/09 15:46:25] [info] - | quest EvansGxz/farm_wheat_1 | paused quest
[12/09 15:46:25] [info] - | quest EvansGxz/farm_wheat_1 | pushing quest farm_wheat_1 = 07e6a1b0-3295-4953-8cc6-bb1b8fc61d32
[12/09 15:55:10] [info] EvansGxz | quest EvansGxz/farm_wheat_1 | fetched quest
[12/09 15:55:10] [info] EvansGxz | quest EvansGxz/farm_wheat_1 | resumed quest
[12/09 15:55:10] [info] EvansGxz | quest EvansGxz/farm_wheat_1 | pushing quest farm_wheat_1 = 07e6a1b0-3295-4953-8cc6-bb1b8fc61d32
[12/09 16:37:36] [info] - | quest EvansGxz/farm_wheat_1 | paused quest
[12/09 16:37:36] [info] - | quest EvansGxz/farm_wheat_1 | pushing quest farm_wheat_1 = 07e6a1b0-3295-4953-8cc6-bb1b8fc61d32
[12/09 18:52:11] [info] EvansGxz | quest EvansGxz/farm_wheat_1 | fetched quest
[12/09 18:52:11] [info] EvansGxz | quest EvansGxz/farm_wheat_1 | resumed quest
[12/09 18:52:11] [info] EvansGxz | quest EvansGxz/farm_wheat_1 | pushing quest farm_wheat_1 = 07e6a1b0-3295-4953-8cc6-bb1b8fc61d32
[12/09 18:54:04] [info] EvansGxz | quest EvansGxz/farm_wheat_1 | paused quest
[12/09 18:54:04] [info] EvansGxz | quest EvansGxz/farm_wheat_1 | pushing quest farm_wheat_1 = 07e6a1b0-3295-4953-8cc6-bb1b8fc61d32
[12/09 18:54:07] [info] EvansGxz | quest EvansGxz/farm_wheat_1 | fetched quest
[12/09 18:54:07] [info] EvansGxz | quest EvansGxz/farm_wheat_1 | resumed quest
[12/09 18:54:07] [info] EvansGxz | quest EvansGxz/farm_wheat_1 | pushing quest farm_wheat_1 = 07e6a1b0-3295-4953-8cc6-bb1b8fc61d32
[12/09 18:57:33] [info] EvansGxz | quest EvansGxz/farm_wheat_1 | paused quest
[12/09 18:57:33] [info] EvansGxz | quest EvansGxz/farm_wheat_1 | pushing quest farm_wheat_1 = 07e6a1b0-3295-4953-8cc6-bb1b8fc61d32
[12/09 18:57:35] [info] EvansGxz | quest EvansGxz/farm_wheat_1 | fetched quest
[12/09 18:57:35] [info] EvansGxz | quest EvansGxz/farm_wheat_1 | resumed quest
[12/09 18:57:35] [info] EvansGxz | quest EvansGxz/farm_wheat_1 | pushing quest farm_wheat_1 = 07e6a1b0-3295-4953-8cc6-bb1b8fc61d32
[12/09 19:03:58] [info] EvansGxz | quest EvansGxz/farm_wheat_1 | paused quest
[12/09 19:03:58] [info] EvansGxz | quest EvansGxz/farm_wheat_1 | pushing quest farm_wheat_1 = 07e6a1b0-3295-4953-8cc6-bb1b8fc61d32
[12/09 19:04:00] [info] EvansGxz | quest EvansGxz/farm_wheat_1 | fetched quest
[12/09 19:04:00] [info] EvansGxz | quest EvansGxz/farm_wheat_1 | resumed quest
[12/09 19:04:00] [info] EvansGxz | quest EvansGxz/farm_wheat_1 | pushing quest farm_wheat_1 = 07e6a1b0-3295-4953-8cc6-bb1b8fc61d32
[12/09 19:05:23] [info] EvansGxz | quest EvansGxz/farm_wheat_1 | paused quest
[12/09 19:05:23] [info] EvansGxz | quest EvansGxz/farm_wheat_1 | pushing quest farm_wheat_1 = 07e6a1b0-3295-4953-8cc6-bb1b8fc61d32
[12/09 19:05:26] [info] EvansGxz | quest EvansGxz/farm_wheat_1 | fetched quest
[12/09 19:05:26] [info] EvansGxz | quest EvansGxz/farm_wheat_1 | resumed quest
[12/09 19:05:26] [info] EvansGxz | quest EvansGxz/farm_wheat_1 | pushing quest farm_wheat_1 = 07e6a1b0-3295-4953-8cc6-bb1b8fc61d32
[12/09 19:06:00] [info] EvansGxz | quest EvansGxz/farm_wheat_1 | paused quest
[12/09 19:06:00] [info] EvansGxz | quest EvansGxz/farm_wheat_1 | pushing quest farm_wheat_1 = 07e6a1b0-3295-4953-8cc6-bb1b8fc61d32
[12/09 19:06:02] [info] EvansGxz | quest EvansGxz/farm_wheat_1 | fetched quest
[12/09 19:06:02] [info] EvansGxz | quest EvansGxz/farm_wheat_1 | resumed quest
[12/09 19:06:02] [info] EvansGxz | quest EvansGxz/farm_wheat_1 | pushing quest farm_wheat_1 = 07e6a1b0-3295-4953-8cc6-bb1b8fc61d32
[12/09 19:45:00] [info] - | quest EvansGxz/farm_wheat_1 | paused quest
[12/09 19:45:00] [info] - | quest EvansGxz/farm_wheat_1 | pushing quest farm_wheat_1 = 07e6a1b0-3295-4953-8cc6-bb1b8fc61d32
[13/09 13:16:28] [info] EvansGxz | quest EvansGxz/farm_wheat_1 | fetched quest
[13/09 13:16:28] [info] EvansGxz | quest EvansGxz/farm_wheat_1 | resumed quest
[13/09 13:16:28] [info] EvansGxz | quest EvansGxz/farm_wheat_1 | pushing quest farm_wheat_1 = 07e6a1b0-3295-4953-8cc6-bb1b8fc61d32
[13/09 13:24:10] [info] EvansGxz | quest EvansGxz/farm_wheat_1 | paused quest
[13/09 13:26:02] [info] EvansGxz | quest EvansGxz/farm_wheat_1 | fetched quest
[13/09 13:26:02] [info] EvansGxz | quest EvansGxz/farm_wheat_1 | resumed quest
[13/09 13:26:03] [info] EvansGxz | quest EvansGxz/farm_wheat_1 | pushing quest farm_wheat_1 = 07e6a1b0-3295-4953-8cc6-bb1b8fc61d32
[13/09 15:11:53] [info] EvansGxz | quest EvansGxz/farm_wheat_1 | paused quest
[13/09 15:14:05] [info] EvansGxz | quest EvansGxz/farm_wheat_1 | fetched quest
[13/09 15:14:05] [info] EvansGxz | quest EvansGxz/farm_wheat_1 | resumed quest
[13/09 15:14:05] [info] EvansGxz | quest EvansGxz/farm_wheat_1 | pushing quest farm_wheat_1 = 07e6a1b0-3295-4953-8cc6-bb1b8fc61d32
[13/09 15:21:49] [info] EvansGxz | quest EvansGxz/farm_wheat_1 | paused quest
[13/09 15:25:31] [info] EvansGxz | quest EvansGxz/farm_wheat_1 | fetched quest
[13/09 15:25:31] [info] EvansGxz | quest EvansGxz/farm_wheat_1 | resumed quest
[13/09 15:25:31] [info] EvansGxz | quest EvansGxz/farm_wheat_1 | pushing quest farm_wheat_1 = 07e6a1b0-3295-4953-8cc6-bb1b8fc61d32
[13/09 15:55:11] [info] EvansGxz | quest EvansGxz/farm_wheat_1 | paused quest
[13/09 15:57:27] [info] EvansGxz | quest EvansGxz/farm_wheat_1 | fetched quest
[13/09 15:57:27] [info] EvansGxz | quest EvansGxz/farm_wheat_1 | resumed quest
[13/09 15:57:28] [info] EvansGxz | quest EvansGxz/farm_wheat_1 | pushing quest farm_wheat_1 = 07e6a1b0-3295-4953-8cc6-bb1b8fc61d32
[14/09 14:30:19] [info] EvansGxz | quest EvansGxz/farm_wheat_1 | fetched quest
[14/09 14:30:19] [info] EvansGxz | quest EvansGxz/farm_wheat_1 | resumed quest
[14/09 14:30:20] [info] EvansGxz | quest EvansGxz/farm_wheat_1 | pushing quest farm_wheat_1 = 07e6a1b0-3295-4953-8cc6-bb1b8fc61d32
[14/09 15:07:30] [info] - | quest EvansGxz/farm_wheat_1 | paused quest
[14/09 15:19:17] [info] EvansGxz | quest EvansGxz/farm_wheat_1 | fetched quest
[14/09 15:19:17] [info] EvansGxz | quest EvansGxz/farm_wheat_1 | resumed quest
[14/09 15:19:17] [info] EvansGxz | quest EvansGxz/farm_wheat_1 | pushing quest farm_wheat_1 = 07e6a1b0-3295-4953-8cc6-bb1b8fc61d32
[14/09 16:26:23] [info] - | quest EvansGxz/farm_wheat_1 | paused quest
[14/09 16:26:23] [info] - | quest EvansGxz/farm_wheat_1 | pushing quest farm_wheat_1 = 07e6a1b0-3295-4953-8cc6-bb1b8fc61d32
